<?xml version="1.0" encoding="UTF-8"?>
<!-- Generated by org.testng.reporters.JUnitReportReporter -->
<testsuite hostname="ZA-5CD350K5XF" failures="1" tests="5" name="com.spotify.tests.Artist" time="0.090" errors="0" timestamp="2024-12-05T12:10:49 SAST" skipped="4">
  <testcase classname="com.spotify.tests.Artist" name="setup" time="0.090">
    <failure message="Test aborted: Unable to load test data" type="java.lang.AssertionError">
      <![CDATA[java.lang.AssertionError: Test aborted: Unable to load test data
at org.testng.Assert.fail(Assert.java:111)
at com.spotify.tests.Artist.setup(Artist.java:44)
at java.base/jdk.internal.reflect.NativeMethodAccessorImpl.invoke0(Native Method)
at java.base/jdk.internal.reflect.NativeMethodAccessorImpl.invoke(NativeMethodAccessorImpl.java:77)
at java.base/jdk.internal.reflect.DelegatingMethodAccessorImpl.invoke(DelegatingMethodAccessorImpl.java:43)
at java.base/java.lang.reflect.Method.invoke(Method.java:568)
at org.testng.internal.invokers.MethodInvocationHelper.invokeMethod(MethodInvocationHelper.java:141)
at org.testng.internal.invokers.MethodInvocationHelper.invokeMethodConsideringTimeout(MethodInvocationHelper.java:71)
at org.testng.internal.invokers.ConfigInvoker.invokeConfigurationMethod(ConfigInvoker.java:400)
at org.testng.internal.invokers.ConfigInvoker.invokeConfigurations(ConfigInvoker.java:333)
at org.testng.internal.invokers.TestMethodWorker.invokeBeforeClassMethods(TestMethodWorker.java:188)
at org.testng.internal.invokers.TestMethodWorker.run(TestMethodWorker.java:128)
at java.base/java.util.ArrayList.forEach(ArrayList.java:1511)
at org.testng.TestRunner.privateRun(TestRunner.java:739)
at org.testng.TestRunner.run(TestRunner.java:614)
at org.testng.SuiteRunner.runTest(SuiteRunner.java:421)
at org.testng.SuiteRunner.runSequentially(SuiteRunner.java:413)
at org.testng.SuiteRunner.privateRun(SuiteRunner.java:373)
at org.testng.SuiteRunner.run(SuiteRunner.java:312)
at org.testng.SuiteRunnerWorker.runSuite(SuiteRunnerWorker.java:52)
at org.testng.SuiteRunnerWorker.run(SuiteRunnerWorker.java:95)
at org.testng.TestNG.runSuitesSequentially(TestNG.java:1274)
at org.testng.TestNG.runSuitesLocally(TestNG.java:1208)
at org.testng.TestNG.runSuites(TestNG.java:1112)
at org.testng.TestNG.run(TestNG.java:1079)
at org.testng.remote.AbstractRemoteTestNG.run(AbstractRemoteTestNG.java:115)
at org.testng.remote.RemoteTestNG.initAndRun(RemoteTestNG.java:293)
at org.testng.remote.RemoteTestNG.main(RemoteTestNG.java:91)
]]>
    </failure>
  </testcase> <!-- setup -->
  <testcase classname="com.spotify.tests.Artist" name="testGetArtistsInvalid" time="0.000">
    <skipped/>
  </testcase> <!-- testGetArtistsInvalid -->
  <testcase classname="com.spotify.tests.Artist" name="testGetArtists">
    <skipped/>
  </testcase> <!-- testGetArtists -->
  <testcase classname="com.spotify.tests.Artist" name="testGetArtistsAlbums">
    <skipped/>
  </testcase> <!-- testGetArtistsAlbums -->
  <testcase classname="com.spotify.tests.Artist" name="testGet">
    <skipped/>
  </testcase> <!-- testGet -->
</testsuite> <!-- com.spotify.tests.Artist -->
